# JRE version: Java(TM) SE Runtime Environment (8.0_51-b16) (build 1.8.0_51-b16)
# Java VM: Java HotSpot(TM) 64-Bit Server VM (25.51-b03 mixed mode windows-amd64 compressed oops)
Heap:
 PSYoungGen      total 38400K, used 12098K [0x00000000d5d80000, 0x00000000d8800000, 0x0000000100000000)
  eden space 33280K, 21% used [0x00000000d5d80000,0x00000000d64535a8,0x00000000d7e00000)
  from space 5120K, 99% used [0x00000000d7e00000,0x00000000d82fd260,0x00000000d8300000)
  to   space 5120K, 0% used [0x00000000d8300000,0x00000000d8300000,0x00000000d8800000)
 ParOldGen       total 87552K, used 10499K [0x0000000081800000, 0x0000000086d80000, 0x00000000d5d80000)
  object space 87552K, 11% used [0x0000000081800000,0x0000000082240e40,0x0000000086d80000)
 Metaspace       used 16218K, capacity 16414K, committed 16768K, reserved 1064960K
  class space    used 1974K, capacity 2056K, committed 2176K, reserved 1048576K
GC Heap History (10 events):
Event: 11.371 GC heap before
{Heap before GC invocations=1 (full 0):
 PSYoungGen      total 38400K, used 33280K [0x00000000d5d80000, 0x00000000d8800000, 0x0000000100000000)
  eden space 33280K, 100% used [0x00000000d5d80000,0x00000000d7e00000,0x00000000d7e00000)
  from space 5120K, 0% used [0x00000000d8300000,0x00000000d8300000,0x00000000d8800000)
  to   space 5120K, 0% used [0x00000000d7e00000,0x00000000d7e00000,0x00000000d8300000)
 ParOldGen       total 87552K, used 0K [0x0000000081800000, 0x0000000086d80000, 0x00000000d5d80000)
  object space 87552K, 0% used [0x0000000081800000,0x0000000081800000,0x0000000086d80000)
 Metaspace       used 13395K, capacity 13626K, committed 13824K, reserved 1060864K
  class space    used 1593K, capacity 1666K, committed 1792K, reserved 1048576K
Event: 11.393 GC heap after
Heap after GC invocations=1 (full 0):
 PSYoungGen      total 38400K, used 5115K [0x00000000d5d80000, 0x00000000d8800000, 0x0000000100000000)
  eden space 33280K, 0% used [0x00000000d5d80000,0x00000000d5d80000,0x00000000d7e00000)
  from space 5120K, 99% used [0x00000000d7e00000,0x00000000d82fef00,0x00000000d8300000)
  to   space 5120K, 0% used [0x00000000d8300000,0x00000000d8300000,0x00000000d8800000)
 ParOldGen       total 87552K, used 3175K [0x0000000081800000, 0x0000000086d80000, 0x00000000d5d80000)
  object space 87552K, 3% used [0x0000000081800000,0x0000000081b19c68,0x0000000086d80000)
 Metaspace       used 13395K, capacity 13626K, committed 13824K, reserved 1060864K
  class space    used 1593K, capacity 1666K, committed 1792K, reserved 1048576K
}
Event: 14.076 GC heap before
{Heap before GC invocations=2 (full 0):
 PSYoungGen      total 38400K, used 38097K [0x00000000d5d80000, 0x00000000d8800000, 0x0000000100000000)
  eden space 33280K, 99% used [0x00000000d5d80000,0x00000000d7db56e8,0x00000000d7e00000)
  from space 5120K, 99% used [0x00000000d7e00000,0x00000000d82fef00,0x00000000d8300000)
  to   space 5120K, 0% used [0x00000000d8300000,0x00000000d8300000,0x00000000d8800000)
 ParOldGen       total 87552K, used 3175K [0x0000000081800000, 0x0000000086d80000, 0x00000000d5d80000)
  object space 87552K, 3% used [0x0000000081800000,0x0000000081b19c68,0x0000000086d80000)
 Metaspace       used 14084K, capacity 14310K, committed 14592K, reserved 1062912K
  class space    used 1696K, capacity 1764K, committed 1792K, reserved 1048576K
Event: 14.085 GC heap after
Heap after GC invocations=2 (full 0):
 PSYoungGen      total 38400K, used 3822K [0x00000000d5d80000, 0x00000000d8800000, 0x0000000100000000)
  eden space 33280K, 0% used [0x00000000d5d80000,0x00000000d5d80000,0x00000000d7e00000)
  from space 5120K, 74% used [0x00000000d8300000,0x00000000d86bb8b8,0x00000000d8800000)
  to   space 5120K, 0% used [0x00000000d7e00000,0x00000000d7e00000,0x00000000d8300000)
 ParOldGen       total 87552K, used 3183K [0x0000000081800000, 0x0000000086d80000, 0x00000000d5d80000)
  object space 87552K, 3% used [0x0000000081800000,0x0000000081b1bc68,0x0000000086d80000)
 Metaspace       used 14084K, capacity 14310K, committed 14592K, reserved 1062912K
  class space    used 1696K, capacity 1764K, committed 1792K, reserved 1048576K
}
Event: 15.956 GC heap before
{Heap before GC invocations=3 (full 0):
 PSYoungGen      total 38400K, used 37102K [0x00000000d5d80000, 0x00000000d8800000, 0x0000000100000000)
  eden space 33280K, 100% used [0x00000000d5d80000,0x00000000d7e00000,0x00000000d7e00000)
  from space 5120K, 74% used [0x00000000d8300000,0x00000000d86bb8b8,0x00000000d8800000)
  to   space 5120K, 0% used [0x00000000d7e00000,0x00000000d7e00000,0x00000000d8300000)
 ParOldGen       total 87552K, used 3183K [0x0000000081800000, 0x0000000086d80000, 0x00000000d5d80000)
  object space 87552K, 3% used [0x0000000081800000,0x0000000081b1bc68,0x0000000086d80000)
 Metaspace       used 15768K, capacity 15948K, committed 16128K, reserved 1062912K
  class space    used 1917K, capacity 1989K, committed 2048K, reserved 1048576K
Event: 15.973 GC heap after
Heap after GC invocations=3 (full 0):
 PSYoungGen      total 38400K, used 4463K [0x00000000d5d80000, 0x00000000d8800000, 0x0000000100000000)
  eden space 33280K, 0% used [0x00000000d5d80000,0x00000000d5d80000,0x00000000d7e00000)
  from space 5120K, 87% used [0x00000000d7e00000,0x00000000d825bd70,0x00000000d8300000)
  to   space 5120K, 0% used [0x00000000d8300000,0x00000000d8300000,0x00000000d8800000)
 ParOldGen       total 87552K, used 5216K [0x0000000081800000, 0x0000000086d80000, 0x00000000d5d80000)
  object space 87552K, 5% used [0x0000000081800000,0x0000000081d18078,0x0000000086d80000)
 Metaspace       used 15768K, capacity 15948K, committed 16128K, reserved 1062912K
  class space    used 1917K, capacity 1989K, committed 2048K, reserved 1048576K
}
Event: 17.959 GC heap before
{Heap before GC invocations=4 (full 0):
 PSYoungGen      total 38400K, used 37556K [0x00000000d5d80000, 0x00000000d8800000, 0x0000000100000000)
  eden space 33280K, 99% used [0x00000000d5d80000,0x00000000d7dd1450,0x00000000d7e00000)
  from space 5120K, 87% used [0x00000000d7e00000,0x00000000d825bd70,0x00000000d8300000)
  to   space 5120K, 0% used [0x00000000d8300000,0x00000000d8300000,0x00000000d8800000)
 ParOldGen       total 87552K, used 5216K [0x0000000081800000, 0x0000000086d80000, 0x00000000d5d80000)
  object space 87552K, 5% used [0x0000000081800000,0x0000000081d18078,0x0000000086d80000)
 Metaspace       used 15908K, capacity 16114K, committed 16384K, reserved 1062912K
  class space    used 1939K, capacity 2022K, committed 2048K, reserved 1048576K
Event: 17.966 GC heap after
Heap after GC invocations=4 (full 0):
 PSYoungGen      total 38400K, used 4402K [0x00000000d5d80000, 0x00000000d8800000, 0x0000000100000000)
  eden space 33280K, 0% used [0x00000000d5d80000,0x00000000d5d80000,0x00000000d7e00000)
  from space 5120K, 85% used [0x00000000d8300000,0x00000000d874cbb0,0x00000000d8800000)
  to   space 5120K, 0% used [0x00000000d7e00000,0x00000000d7e00000,0x00000000d8300000)
 ParOldGen       total 87552K, used 5224K [0x0000000081800000, 0x0000000086d80000, 0x00000000d5d80000)
  object space 87552K, 5% used [0x0000000081800000,0x0000000081d1a078,0x0000000086d80000)
 Metaspace       used 15908K, capacity 16114K, committed 16384K, reserved 1062912K
  class space    used 1939K, capacity 2022K, committed 2048K, reserved 1048576K
}
Event: 19.021 GC heap before
{Heap before GC invocations=5 (full 0):
 PSYoungGen      total 38400K, used 37682K [0x00000000d5d80000, 0x00000000d8800000, 0x0000000100000000)
  eden space 33280K, 100% used [0x00000000d5d80000,0x00000000d7e00000,0x00000000d7e00000)
  from space 5120K, 85% used [0x00000000d8300000,0x00000000d874cbb0,0x00000000d8800000)
  to   space 5120K, 0% used [0x00000000d7e00000,0x00000000d7e00000,0x00000000d8300000)
 ParOldGen       total 87552K, used 5224K [0x0000000081800000, 0x0000000086d80000, 0x00000000d5d80000)
  object space 87552K, 5% used [0x0000000081800000,0x0000000081d1a078,0x0000000086d80000)
 Metaspace       used 16187K, capacity 16402K, committed 16768K, reserved 1064960K
  class space    used 1973K, capacity 2054K, committed 2176K, reserved 1048576K
Event: 19.029 GC heap after
Heap after GC invocations=5 (full 0):
 PSYoungGen      total 38400K, used 5108K [0x00000000d5d80000, 0x00000000d8800000, 0x0000000100000000)
  eden space 33280K, 0% used [0x00000000d5d80000,0x00000000d5d80000,0x00000000d7e00000)
  from space 5120K, 99% used [0x00000000d7e00000,0x00000000d82fd260,0x00000000d8300000)
  to   space 5120K, 0% used [0x00000000d8300000,0x00000000d8300000,0x00000000d8800000)
 ParOldGen       total 87552K, used 10499K [0x0000000081800000, 0x0000000086d80000, 0x00000000d5d80000)
  object space 87552K, 11% used [0x0000000081800000,0x0000000082240e40,0x0000000086d80000)
 Metaspace       used 16187K, capacity 16402K, committed 16768K, reserved 1064960K
  class space    used 1973K, capacity 2054K, committed 2176K, reserved 1048576K
}

